2026-07-01T07:01:49Z INF Thank you for trying Cloudflare Tunnel. Doing so, without a Cloudflare account, is a quick way to experiment and try it out. However, be aware that these account-less Tunnels have no uptime guarantee, are subject to the Cloudflare Online Services Terms of Use (https://www.cloudflare.com/website-terms/), and Cloudflare reserves the right to investigate your use of Tunnels for violations of such terms. If you intend to use Tunnels in production you should use a pre-created named tunnel by following: https://developers.cloudflare.com/cloudflare-one/connections/connect-apps
2026-07-01T07:01:49Z INF Requesting new quick Tunnel on trycloudflare.com...
2026-07-01T07:01:58Z INF +--------------------------------------------------------------------------------------------+
2026-07-01T07:01:58Z INF |  Your quick Tunnel has been created! Visit it at (it may take some time to be reachable):  |
2026-07-01T07:01:58Z INF |  https://slip-ict-texture-thousand.trycloudflare.com                                       |
2026-07-01T07:01:58Z INF +--------------------------------------------------------------------------------------------+
2026-07-01T07:01:58Z INF Cannot determine default configuration path. No file [config.yml config.yaml] in [~/.cloudflared ~/.cloudflare-warp ~/cloudflare-warp]
2026-07-01T07:01:58Z INF Version 2026.6.1 (Checksum 5253e66f1f493c4e13539749f1aa86fd0c61e3072900fec29a44ba046a6d97e2)
2026-07-01T07:01:58Z INF GOOS: windows, GOVersion: go1.26.4, GoArch: amd64
2026-07-01T07:01:58Z INF Settings: map[ha-connections:1 no-autoupdate:true p:http2 protocol:http2 url:http://localhost:3000]
2026-07-01T07:01:58Z INF cloudflared will not automatically update on Windows systems.
2026-07-01T07:01:58Z INF Generated Connector ID: 1fb1c158-22d6-4428-84c0-719dc5abac35
2026-07-01T07:01:58Z INF Initial protocol http2
2026-07-01T07:01:58Z INF ICMP proxy will use 198.18.0.1 as source for IPv4
2026-07-01T07:01:58Z INF ICMP proxy will use fe80::3f2d:c58f:a925:5f94 in zone 以太网 as source for IPv6
2026-07-01T07:01:58Z INF cloudflared does not support loading the system root certificate pool on Windows. Please use --origin-ca-pool <PATH> to specify the path to the certificate pool
2026-07-01T07:01:58Z INF ICMP proxy will use 198.18.0.1 as source for IPv4
2026-07-01T07:01:58Z INF Tunnel connection curve preferences: [X25519MLKEM768 CurveID(65074) CurveP256] connIndex=0 event=0 ip=198.18.0.113
2026-07-01T07:01:58Z INF ICMP proxy will use fe80::3f2d:c58f:a925:5f94 in zone 以太网 as source for IPv6
2026-07-01T07:01:58Z INF Starting metrics server on 127.0.0.1:20241/metrics
2026-07-01T07:02:04Z INF Registered tunnel connection connIndex=0 connection=0951f258-0557-46c8-8b31-e29b92615f6b event=0 ip=198.18.0.113 location=icn01 protocol=http2
2026-07-01T07:02:09Z INF +----------------------------------------------------------------------------------------------------+
2026-07-01T07:02:09Z INF |                                      CONNECTIVITY PRE-CHECKS                                       |
2026-07-01T07:02:09Z INF +----------------------------------------------------------------------------------------------------+
2026-07-01T07:02:09Z INF |  COMPONENT         TARGET                     STATUS  DETAILS                                      |
2026-07-01T07:02:09Z INF |  DNS Resolution    region1.v2.argotunnel.com  PASS    DNS Resolved successfully                    |
2026-07-01T07:02:09Z INF |  DNS Resolution    region2.v2.argotunnel.com  PASS    DNS Resolved successfully                    |
2026-07-01T07:02:09Z INF |  UDP Connectivity  region1.v2.argotunnel.com  FAIL    QUIC connection failed                       |
2026-07-01T07:02:09Z INF |  UDP Connectivity  region2.v2.argotunnel.com  FAIL    QUIC connection failed                       |
2026-07-01T07:02:09Z INF |  TCP Connectivity  region1.v2.argotunnel.com  PASS    HTTP/2 connection successful                 |
2026-07-01T07:02:09Z INF |  TCP Connectivity  region2.v2.argotunnel.com  FAIL    HTTP/2 connection is blocked or unreachable  |
2026-07-01T07:02:09Z INF |  Cloudflare API    api.cloudflare.com:443     PASS    API is reachable                             |
2026-07-01T07:02:09Z INF |  ERROR: Allow outbound QUIC traffic on port 7844 or use HTTP2.                                     |
2026-07-01T07:02:09Z INF |  ERROR: Allow outbound QUIC traffic on port 7844 or use HTTP2.                                     |
2026-07-01T07:02:09Z INF |  ERROR: Allow outbound TCP on port 7844.                                                           |
2026-07-01T07:02:09Z INF |                                                                                                    |
2026-07-01T07:02:09Z INF |  SUMMARY: Environment has critical failures. cloudflared may not be able to establish a tunnel.    |
2026-07-01T07:02:09Z INF +----------------------------------------------------------------------------------------------------+
2026-07-01T07:02:09Z INF precheck component="DNS Resolution" details="DNS Resolved successfully" run_id=133ec548-a4d4-4e21-b1b2-e25ab9c797b7 status=pass target=region1.v2.argotunnel.com
2026-07-01T07:02:09Z INF precheck component="DNS Resolution" details="DNS Resolved successfully" run_id=133ec548-a4d4-4e21-b1b2-e25ab9c797b7 status=pass target=region2.v2.argotunnel.com
2026-07-01T07:02:09Z INF precheck component="UDP Connectivity" details="QUIC connection failed" run_id=133ec548-a4d4-4e21-b1b2-e25ab9c797b7 status=fail target=region1.v2.argotunnel.com
2026-07-01T07:02:09Z INF precheck component="UDP Connectivity" details="QUIC connection failed" run_id=133ec548-a4d4-4e21-b1b2-e25ab9c797b7 status=fail target=region2.v2.argotunnel.com
2026-07-01T07:02:09Z INF precheck component="TCP Connectivity" details="HTTP/2 connection successful" run_id=133ec548-a4d4-4e21-b1b2-e25ab9c797b7 status=pass target=region1.v2.argotunnel.com
2026-07-01T07:02:09Z INF precheck component="TCP Connectivity" details="HTTP/2 connection is blocked or unreachable" run_id=133ec548-a4d4-4e21-b1b2-e25ab9c797b7 status=fail target=region2.v2.argotunnel.com
2026-07-01T07:02:09Z INF precheck component="Cloudflare API" details="API is reachable" run_id=133ec548-a4d4-4e21-b1b2-e25ab9c797b7 status=pass target=api.cloudflare.com:443
2026-07-01T07:02:09Z INF precheck complete hard_fail=true run_id=133ec548-a4d4-4e21-b1b2-e25ab9c797b7
2026-07-01T15:51:02Z INF Lost connection with the edge connIndex=0
2026-07-01T15:51:02Z ERR failed to serve incoming request error="Error shutting down control stream: context canceled"
2026-07-01T15:51:02Z ERR Serve tunnel error error="connection with edge closed" connIndex=0 event=0 ip=198.18.0.113
2026-07-01T15:51:02Z INF Retrying connection in up to 1s connIndex=0 event=0 ip=198.18.0.113
2026-07-01T15:51:03Z ERR Connection terminated error="connection with edge closed" connIndex=0
2026-07-01T15:51:05Z INF Tunnel connection curve preferences: [X25519MLKEM768 CurveID(65074) CurveP256] connIndex=0 event=0 ip=198.18.0.113
2026-07-01T15:51:11Z INF Registered tunnel connection connIndex=0 connection=4b159e1b-404f-4a56-b37f-6dfc24f3beee event=0 ip=198.18.0.113 location=icn01 protocol=http2
